2018-08-16 20:06:09,785 - INFO - Main started, Python running as services on windows 
2018-08-16 20:06:09,785 - INFO - Do so cool work in windows
2018-08-16 20:06:09,785 - INFO - sleep... 10 sec
2018-08-16 20:06:19,799 - INFO - Awake...uses nnsm
2018-08-16 20:06:19,799 - INFO - Main started, Python running as services on windows 
2018-08-16 20:06:19,799 - INFO - Do so cool work in windows
2018-08-16 20:06:19,799 - INFO - sleep... 10 sec
2018-08-16 20:06:29,816 - INFO - Awake...uses nnsm
2018-08-16 20:06:29,816 - INFO - Main started, Python running as services on windows 
2018-08-16 20:06:29,816 - INFO - Do so cool work in windows
2018-08-16 20:06:29,819 - INFO - sleep... 10 sec
2018-08-16 20:06:39,830 - INFO - Awake...uses nnsm
2018-08-16 20:06:39,830 - INFO - Main started, Python running as services on windows 
2018-08-16 20:06:39,830 - INFO - Do so cool work in windows
2018-08-16 20:06:39,830 - INFO - sleep... 10 sec
2018-08-16 20:06:49,843 - INFO - Awake...uses nnsm
2018-08-16 20:06:49,843 - INFO - Main started, Python running as services on windows 
2018-08-16 20:06:49,843 - INFO - Do so cool work in windows
2018-08-16 20:06:49,843 - INFO - sleep... 10 sec
2018-08-16 20:06:59,853 - INFO - Awake...uses nnsm
2018-08-16 20:06:59,853 - INFO - Main started, Python running as services on windows 
2018-08-16 20:06:59,853 - INFO - Do so cool work in windows
2018-08-16 20:06:59,853 - INFO - sleep... 10 sec
2018-08-16 20:07:09,865 - INFO - Awake...uses nnsm
2018-08-16 20:07:09,865 - INFO - Main started, Python running as services on windows 
2018-08-16 20:07:09,865 - INFO - Do so cool work in windows
2018-08-16 20:07:09,865 - INFO - sleep... 10 sec
2018-08-16 20:07:19,878 - INFO - Awake...uses nnsm
2018-08-16 20:07:19,878 - INFO - Main started, Python running as services on windows 
2018-08-16 20:07:19,878 - INFO - Do so cool work in windows
2018-08-16 20:07:19,878 - INFO - sleep... 10 sec
2018-08-16 20:07:29,891 - INFO - Awake...uses nnsm
2018-08-16 20:07:29,891 - INFO - Main started, Python running as services on windows 
2018-08-16 20:07:29,891 - INFO - Do so cool work in windows
2018-08-16 20:07:29,891 - INFO - sleep... 10 sec
2018-08-16 20:07:39,900 - INFO - Awake...uses nnsm
2018-08-16 20:07:39,900 - INFO - Main started, Python running as services on windows 
2018-08-16 20:07:39,900 - INFO - Do so cool work in windows
2018-08-16 20:07:39,900 - INFO - sleep... 10 sec
2018-08-16 20:07:49,903 - INFO - Awake...uses nnsm
2018-08-16 20:07:49,903 - INFO - Main started, Python running as services on windows 
2018-08-16 20:07:49,903 - INFO - Do so cool work in windows
2018-08-16 20:07:49,903 - INFO - sleep... 10 sec
2018-08-16 20:07:59,908 - INFO - Awake...uses nnsm
2018-08-16 20:07:59,908 - INFO - Main started, Python running as services on windows 
2018-08-16 20:07:59,908 - INFO - Do so cool work in windows
2018-08-16 20:07:59,908 - INFO - sleep... 10 sec
2018-08-16 20:08:09,919 - INFO - Awake...uses nnsm
2018-08-16 20:08:09,919 - INFO - Main started, Python running as services on windows 
2018-08-16 20:08:09,919 - INFO - Do so cool work in windows
2018-08-16 20:08:09,919 - INFO - sleep... 10 sec
2018-08-16 20:08:19,925 - INFO - Awake...uses nnsm
2018-08-16 20:08:19,925 - INFO - Main started, Python running as services on windows 
2018-08-16 20:08:19,925 - INFO - Do so cool work in windows
2018-08-16 20:08:19,925 - INFO - sleep... 10 sec
2018-08-16 20:08:29,939 - INFO - Awake...uses nnsm
2018-08-16 20:08:29,939 - INFO - Main started, Python running as services on windows 
2018-08-16 20:08:29,939 - INFO - Do so cool work in windows
2018-08-16 20:08:29,939 - INFO - sleep... 10 sec
2018-08-16 20:08:39,952 - INFO - Awake...uses nnsm
2018-08-16 20:08:39,952 - INFO - Main started, Python running as services on windows 
2018-08-16 20:08:39,952 - INFO - Do so cool work in windows
2018-08-16 20:08:39,952 - INFO - sleep... 10 sec
2018-08-16 20:08:49,965 - INFO - Awake...uses nnsm
2018-08-16 20:08:49,965 - INFO - Main started, Python running as services on windows 
2018-08-16 20:08:49,965 - INFO - Do so cool work in windows
2018-08-16 20:08:49,965 - INFO - sleep... 10 sec
2018-08-16 20:08:59,974 - INFO - Awake...uses nnsm
2018-08-16 20:08:59,974 - INFO - Main started, Python running as services on windows 
2018-08-16 20:08:59,974 - INFO - Do so cool work in windows
2018-08-16 20:08:59,974 - INFO - sleep... 10 sec
2018-08-16 20:09:09,987 - INFO - Awake...uses nnsm
2018-08-16 20:09:09,987 - INFO - Main started, Python running as services on windows 
2018-08-16 20:09:09,987 - INFO - Do so cool work in windows
2018-08-16 20:09:09,987 - INFO - sleep... 10 sec
2018-08-16 20:09:19,999 - INFO - Awake...uses nnsm
2018-08-16 20:09:19,999 - INFO - Main started, Python running as services on windows 
2018-08-16 20:09:19,999 - INFO - Do so cool work in windows
2018-08-16 20:09:19,999 - INFO - sleep... 10 sec
2018-08-16 20:09:30,012 - INFO - Awake...uses nnsm
2018-08-16 20:09:30,012 - INFO - Main started, Python running as services on windows 
2018-08-16 20:09:30,012 - INFO - Do so cool work in windows
2018-08-16 20:09:30,012 - INFO - sleep... 10 sec
2018-08-16 20:09:40,019 - INFO - Awake...uses nnsm
2018-08-16 20:09:40,019 - INFO - Main started, Python running as services on windows 
2018-08-16 20:09:40,019 - INFO - Do so cool work in windows
2018-08-16 20:09:40,019 - INFO - sleep... 10 sec
2018-08-16 20:09:50,032 - INFO - Awake...uses nnsm
2018-08-16 20:09:50,032 - INFO - Main started, Python running as services on windows 
2018-08-16 20:09:50,032 - INFO - Do so cool work in windows
2018-08-16 20:09:50,032 - INFO - sleep... 10 sec
2018-08-16 20:10:00,046 - INFO - Awake...uses nnsm
2018-08-16 20:10:00,046 - INFO - Main started, Python running as services on windows 
2018-08-16 20:10:00,046 - INFO - Do so cool work in windows
2018-08-16 20:10:00,046 - INFO - sleep... 10 sec
2018-08-16 20:10:10,060 - INFO - Awake...uses nnsm
2018-08-16 20:10:10,060 - INFO - Main started, Python running as services on windows 
2018-08-16 20:10:10,060 - INFO - Do so cool work in windows
2018-08-16 20:10:10,060 - INFO - sleep... 10 sec
2018-08-16 20:10:20,073 - INFO - Awake...uses nnsm
2018-08-16 20:10:20,073 - INFO - Main started, Python running as services on windows 
2018-08-16 20:10:20,073 - INFO - Do so cool work in windows
2018-08-16 20:10:20,073 - INFO - sleep... 10 sec
2018-08-16 20:10:30,079 - INFO - Awake...uses nnsm
2018-08-16 20:10:30,079 - INFO - Main started, Python running as services on windows 
2018-08-16 20:10:30,079 - INFO - Do so cool work in windows
2018-08-16 20:10:30,079 - INFO - sleep... 10 sec
2018-08-16 20:10:40,092 - INFO - Awake...uses nnsm
2018-08-16 20:10:40,092 - INFO - Main started, Python running as services on windows 
2018-08-16 20:10:40,092 - INFO - Do so cool work in windows
2018-08-16 20:10:40,092 - INFO - sleep... 10 sec
2018-08-16 20:10:50,108 - INFO - Awake...uses nnsm
2018-08-16 20:10:50,108 - INFO - Main started, Python running as services on windows 
2018-08-16 20:10:50,108 - INFO - Do so cool work in windows
2018-08-16 20:10:50,108 - INFO - sleep... 10 sec
2018-08-16 20:11:00,121 - INFO - Awake...uses nnsm
2018-08-16 20:11:00,121 - INFO - Main started, Python running as services on windows 
2018-08-16 20:11:00,121 - INFO - Do so cool work in windows
2018-08-16 20:11:00,121 - INFO - sleep... 10 sec
2018-08-16 20:11:10,126 - INFO - Awake...uses nnsm
2018-08-16 20:11:10,126 - INFO - Main started, Python running as services on windows 
2018-08-16 20:11:10,126 - INFO - Do so cool work in windows
2018-08-16 20:11:10,126 - INFO - sleep... 10 sec
2018-08-16 20:11:20,140 - INFO - Awake...uses nnsm
2018-08-16 20:11:20,140 - INFO - Main started, Python running as services on windows 
2018-08-16 20:11:20,140 - INFO - Do so cool work in windows
2018-08-16 20:11:20,140 - INFO - sleep... 10 sec
2018-08-16 20:11:30,150 - INFO - Awake...uses nnsm
2018-08-16 20:11:30,150 - INFO - Main started, Python running as services on windows 
2018-08-16 20:11:30,150 - INFO - Do so cool work in windows
2018-08-16 20:11:30,150 - INFO - sleep... 10 sec
2018-08-16 20:11:40,163 - INFO - Awake...uses nnsm
2018-08-16 20:11:40,163 - INFO - Main started, Python running as services on windows 
2018-08-16 20:11:40,163 - INFO - Do so cool work in windows
2018-08-16 20:11:40,163 - INFO - sleep... 10 sec
2018-08-16 20:11:50,176 - INFO - Awake...uses nnsm
2018-08-16 20:11:50,176 - INFO - Main started, Python running as services on windows 
2018-08-16 20:11:50,176 - INFO - Do so cool work in windows
2018-08-16 20:11:50,176 - INFO - sleep... 10 sec
2018-08-16 20:12:00,187 - INFO - Awake...uses nnsm
2018-08-16 20:12:00,187 - INFO - Main started, Python running as services on windows 
2018-08-16 20:12:00,187 - INFO - Do so cool work in windows
2018-08-16 20:12:00,187 - INFO - sleep... 10 sec
2018-08-16 20:12:10,188 - INFO - Awake...uses nnsm
2018-08-16 20:12:10,188 - INFO - Main started, Python running as services on windows 
2018-08-16 20:12:10,188 - INFO - Do so cool work in windows
2018-08-16 20:12:10,188 - INFO - sleep... 10 sec
2018-08-16 20:12:20,198 - INFO - Awake...uses nnsm
2018-08-16 20:12:20,198 - INFO - Main started, Python running as services on windows 
2018-08-16 20:12:20,198 - INFO - Do so cool work in windows
2018-08-16 20:12:20,198 - INFO - sleep... 10 sec
2018-08-16 20:12:30,206 - INFO - Awake...uses nnsm
2018-08-16 20:12:30,206 - INFO - Main started, Python running as services on windows 
2018-08-16 20:12:30,206 - INFO - Do so cool work in windows
2018-08-16 20:12:30,206 - INFO - sleep... 10 sec
2018-08-16 20:12:40,209 - INFO - Awake...uses nnsm
2018-08-16 20:12:40,209 - INFO - Main started, Python running as services on windows 
2018-08-16 20:12:40,209 - INFO - Do so cool work in windows
2018-08-16 20:12:40,209 - INFO - sleep... 10 sec
2018-08-16 20:12:50,224 - INFO - Awake...uses nnsm
2018-08-16 20:12:50,224 - INFO - Main started, Python running as services on windows 
2018-08-16 20:12:50,224 - INFO - Do so cool work in windows
2018-08-16 20:12:50,224 - INFO - sleep... 10 sec
2018-08-16 20:13:00,235 - INFO - Awake...uses nnsm
2018-08-16 20:13:00,239 - INFO - Main started, Python running as services on windows 
2018-08-16 20:13:00,240 - INFO - Do so cool work in windows
2018-08-16 20:13:00,241 - INFO - sleep... 10 sec
2018-08-16 20:13:10,252 - INFO - Awake...uses nnsm
2018-08-16 20:13:10,252 - INFO - Main started, Python running as services on windows 
2018-08-16 20:13:10,252 - INFO - Do so cool work in windows
2018-08-16 20:13:10,252 - INFO - sleep... 10 sec
2018-08-16 20:13:20,255 - INFO - Awake...uses nnsm
2018-08-16 20:13:20,255 - INFO - Main started, Python running as services on windows 
2018-08-16 20:13:20,255 - INFO - Do so cool work in windows
2018-08-16 20:13:20,255 - INFO - sleep... 10 sec
2018-08-16 20:13:30,268 - INFO - Awake...uses nnsm
2018-08-16 20:13:30,268 - INFO - Main started, Python running as services on windows 
2018-08-16 20:13:30,268 - INFO - Do so cool work in windows
2018-08-16 20:13:30,268 - INFO - sleep... 10 sec
2018-08-16 20:13:40,273 - INFO - Awake...uses nnsm
2018-08-16 20:13:40,273 - INFO - Main started, Python running as services on windows 
2018-08-16 20:13:40,273 - INFO - Do so cool work in windows
2018-08-16 20:13:40,273 - INFO - sleep... 10 sec
2018-08-16 20:13:50,288 - INFO - Awake...uses nnsm
2018-08-16 20:13:50,288 - INFO - Main started, Python running as services on windows 
2018-08-16 20:13:50,288 - INFO - Do so cool work in windows
2018-08-16 20:13:50,288 - INFO - sleep... 10 sec
2018-08-16 20:14:00,301 - INFO - Awake...uses nnsm
2018-08-16 20:14:00,301 - INFO - Main started, Python running as services on windows 
2018-08-16 20:14:00,301 - INFO - Do so cool work in windows
2018-08-16 20:14:00,301 - INFO - sleep... 10 sec
2018-08-16 20:14:10,307 - INFO - Awake...uses nnsm
2018-08-16 20:14:10,307 - INFO - Main started, Python running as services on windows 
2018-08-16 20:14:10,307 - INFO - Do so cool work in windows
2018-08-16 20:14:10,307 - INFO - sleep... 10 sec
2018-08-16 20:14:20,307 - INFO - Awake...uses nnsm
2018-08-16 20:14:20,307 - INFO - Main started, Python running as services on windows 
2018-08-16 20:14:20,307 - INFO - Do so cool work in windows
2018-08-16 20:14:20,307 - INFO - sleep... 10 sec
2018-08-16 20:14:30,320 - INFO - Awake...uses nnsm
2018-08-16 20:14:30,320 - INFO - Main started, Python running as services on windows 
2018-08-16 20:14:30,320 - INFO - Do so cool work in windows
2018-08-16 20:14:30,320 - INFO - sleep... 10 sec
2018-08-16 20:14:40,330 - INFO - Awake...uses nnsm
2018-08-16 20:14:40,330 - INFO - Main started, Python running as services on windows 
2018-08-16 20:14:40,330 - INFO - Do so cool work in windows
2018-08-16 20:14:40,330 - INFO - sleep... 10 sec
2018-08-16 20:14:50,331 - INFO - Awake...uses nnsm
2018-08-16 20:14:50,331 - INFO - Main started, Python running as services on windows 
2018-08-16 20:14:50,331 - INFO - Do so cool work in windows
2018-08-16 20:14:50,331 - INFO - sleep... 10 sec
2018-08-16 20:15:00,344 - INFO - Awake...uses nnsm
2018-08-16 20:15:00,344 - INFO - Main started, Python running as services on windows 
2018-08-16 20:15:00,344 - INFO - Do so cool work in windows
2018-08-16 20:15:00,344 - INFO - sleep... 10 sec
2018-08-16 20:15:10,348 - INFO - Awake...uses nnsm
2018-08-16 20:15:10,348 - INFO - Main started, Python running as services on windows 
2018-08-16 20:15:10,348 - INFO - Do so cool work in windows
2018-08-16 20:15:10,348 - INFO - sleep... 10 sec
2018-08-16 20:15:20,361 - INFO - Awake...uses nnsm
2018-08-16 20:15:20,361 - INFO - Main started, Python running as services on windows 
2018-08-16 20:15:20,361 - INFO - Do so cool work in windows
2018-08-16 20:15:20,361 - INFO - sleep... 10 sec
2018-08-16 20:15:30,366 - INFO - Awake...uses nnsm
2018-08-16 20:15:30,366 - INFO - Main started, Python running as services on windows 
2018-08-16 20:15:30,366 - INFO - Do so cool work in windows
2018-08-16 20:15:30,366 - INFO - sleep... 10 sec
2018-08-16 20:15:40,366 - INFO - Awake...uses nnsm
2018-08-16 20:15:40,366 - INFO - Main started, Python running as services on windows 
2018-08-16 20:15:40,366 - INFO - Do so cool work in windows
2018-08-16 20:15:40,366 - INFO - sleep... 10 sec
2018-08-16 20:15:50,377 - INFO - Awake...uses nnsm
2018-08-16 20:15:50,377 - INFO - Main started, Python running as services on windows 
2018-08-16 20:15:50,377 - INFO - Do so cool work in windows
2018-08-16 20:15:50,377 - INFO - sleep... 10 sec
2018-08-16 20:16:00,386 - INFO - Awake...uses nnsm
2018-08-16 20:16:00,386 - INFO - Main started, Python running as services on windows 
2018-08-16 20:16:00,386 - INFO - Do so cool work in windows
2018-08-16 20:16:00,386 - INFO - sleep... 10 sec
2018-08-16 20:16:10,387 - INFO - Awake...uses nnsm
2018-08-16 20:16:10,387 - INFO - Main started, Python running as services on windows 
2018-08-16 20:16:10,387 - INFO - Do so cool work in windows
2018-08-16 20:16:10,387 - INFO - sleep... 10 sec
2018-08-16 20:16:20,388 - INFO - Awake...uses nnsm
2018-08-16 20:16:20,392 - INFO - Main started, Python running as services on windows 
2018-08-16 20:16:20,393 - INFO - Do so cool work in windows
2018-08-16 20:16:20,393 - INFO - sleep... 10 sec
2018-08-16 20:16:30,394 - INFO - Awake...uses nnsm
2018-08-16 20:16:30,395 - INFO - Main started, Python running as services on windows 
2018-08-16 20:16:30,395 - INFO - Do so cool work in windows
2018-08-16 20:16:30,395 - INFO - sleep... 10 sec
2018-08-16 20:16:40,396 - INFO - Awake...uses nnsm
2018-08-16 20:16:40,397 - INFO - Main started, Python running as services on windows 
2018-08-16 20:16:40,397 - INFO - Do so cool work in windows
2018-08-16 20:16:40,397 - INFO - sleep... 10 sec
2018-08-16 20:16:50,397 - INFO - Awake...uses nnsm
2018-08-16 20:16:50,398 - INFO - Main started, Python running as services on windows 
2018-08-16 20:16:50,398 - INFO - Do so cool work in windows
2018-08-16 20:16:50,398 - INFO - sleep... 10 sec
2018-08-16 20:17:00,407 - INFO - Awake...uses nnsm
2018-08-16 20:17:00,407 - INFO - Main started, Python running as services on windows 
2018-08-16 20:17:00,407 - INFO - Do so cool work in windows
2018-08-16 20:17:00,407 - INFO - sleep... 10 sec
2018-08-16 20:17:10,420 - INFO - Awake...uses nnsm
2018-08-16 20:17:10,420 - INFO - Main started, Python running as services on windows 
2018-08-16 20:17:10,420 - INFO - Do so cool work in windows
2018-08-16 20:17:10,420 - INFO - sleep... 10 sec
2018-08-16 20:17:20,433 - INFO - Awake...uses nnsm
2018-08-16 20:17:20,433 - INFO - Main started, Python running as services on windows 
2018-08-16 20:17:20,433 - INFO - Do so cool work in windows
2018-08-16 20:17:20,433 - INFO - sleep... 10 sec
2018-08-16 20:17:30,436 - INFO - Awake...uses nnsm
2018-08-16 20:17:30,436 - INFO - Main started, Python running as services on windows 
2018-08-16 20:17:30,436 - INFO - Do so cool work in windows
2018-08-16 20:17:30,436 - INFO - sleep... 10 sec
2018-08-16 20:17:40,443 - INFO - Awake...uses nnsm
2018-08-16 20:17:40,443 - INFO - Main started, Python running as services on windows 
2018-08-16 20:17:40,443 - INFO - Do so cool work in windows
2018-08-16 20:17:40,443 - INFO - sleep... 10 sec
2018-08-16 20:17:50,447 - INFO - Awake...uses nnsm
2018-08-16 20:17:50,447 - INFO - Main started, Python running as services on windows 
2018-08-16 20:17:50,447 - INFO - Do so cool work in windows
2018-08-16 20:17:50,447 - INFO - sleep... 10 sec
2018-08-16 20:18:00,459 - INFO - Awake...uses nnsm
2018-08-16 20:18:00,459 - INFO - Main started, Python running as services on windows 
2018-08-16 20:18:00,459 - INFO - Do so cool work in windows
2018-08-16 20:18:00,459 - INFO - sleep... 10 sec
2018-08-16 20:18:10,460 - INFO - Awake...uses nnsm
2018-08-16 20:18:10,462 - INFO - Main started, Python running as services on windows 
2018-08-16 20:18:10,463 - INFO - Do so cool work in windows
2018-08-16 20:18:10,464 - INFO - sleep... 10 sec
2018-08-16 20:18:20,466 - INFO - Awake...uses nnsm
2018-08-16 20:18:20,466 - INFO - Main started, Python running as services on windows 
2018-08-16 20:18:20,466 - INFO - Do so cool work in windows
2018-08-16 20:18:20,466 - INFO - sleep... 10 sec
2018-08-16 20:18:30,479 - INFO - Awake...uses nnsm
2018-08-16 20:18:30,479 - INFO - Main started, Python running as services on windows 
2018-08-16 20:18:30,479 - INFO - Do so cool work in windows
2018-08-16 20:18:30,479 - INFO - sleep... 10 sec
2018-08-16 20:18:40,487 - INFO - Awake...uses nnsm
2018-08-16 20:18:40,487 - INFO - Main started, Python running as services on windows 
2018-08-16 20:18:40,487 - INFO - Do so cool work in windows
2018-08-16 20:18:40,487 - INFO - sleep... 10 sec
2018-08-16 20:18:50,496 - INFO - Awake...uses nnsm
2018-08-16 20:18:50,496 - INFO - Main started, Python running as services on windows 
2018-08-16 20:18:50,496 - INFO - Do so cool work in windows
2018-08-16 20:18:50,496 - INFO - sleep... 10 sec
2018-08-16 20:19:00,496 - INFO - Awake...uses nnsm
2018-08-16 20:19:00,500 - INFO - Main started, Python running as services on windows 
2018-08-16 20:19:00,502 - INFO - Do so cool work in windows
2018-08-16 20:19:00,503 - INFO - sleep... 10 sec
2018-08-16 20:19:10,503 - INFO - Awake...uses nnsm
2018-08-16 20:19:10,503 - INFO - Main started, Python running as services on windows 
2018-08-16 20:19:10,503 - INFO - Do so cool work in windows
2018-08-16 20:19:10,503 - INFO - sleep... 10 sec
2018-08-16 20:19:20,504 - INFO - Awake...uses nnsm
2018-08-16 20:19:20,505 - INFO - Main started, Python running as services on windows 
2018-08-16 20:19:20,505 - INFO - Do so cool work in windows
2018-08-16 20:19:20,506 - INFO - sleep... 10 sec
2018-08-16 20:19:30,520 - INFO - Awake...uses nnsm
2018-08-16 20:19:30,520 - INFO - Main started, Python running as services on windows 
2018-08-16 20:19:30,520 - INFO - Do so cool work in windows
2018-08-16 20:19:30,520 - INFO - sleep... 10 sec
2018-08-16 20:19:40,520 - INFO - Awake...uses nnsm
2018-08-16 20:19:40,523 - INFO - Main started, Python running as services on windows 
2018-08-16 20:19:40,524 - INFO - Do so cool work in windows
2018-08-16 20:19:40,524 - INFO - sleep... 10 sec
2018-08-16 20:19:50,540 - INFO - Awake...uses nnsm
2018-08-16 20:19:50,540 - INFO - Main started, Python running as services on windows 
2018-08-16 20:19:50,540 - INFO - Do so cool work in windows
2018-08-16 20:19:50,540 - INFO - sleep... 10 sec
2018-08-16 20:20:00,554 - INFO - Awake...uses nnsm
2018-08-16 20:20:00,555 - INFO - Main started, Python running as services on windows 
2018-08-16 20:20:00,556 - INFO - Do so cool work in windows
2018-08-16 20:20:00,556 - INFO - sleep... 10 sec
2018-08-16 20:20:10,557 - INFO - Awake...uses nnsm
2018-08-16 20:20:10,557 - INFO - Main started, Python running as services on windows 
2018-08-16 20:20:10,557 - INFO - Do so cool work in windows
2018-08-16 20:20:10,557 - INFO - sleep... 10 sec
2018-08-16 20:20:20,558 - INFO - Awake...uses nnsm
2018-08-16 20:20:20,560 - INFO - Main started, Python running as services on windows 
2018-08-16 20:20:20,561 - INFO - Do so cool work in windows
2018-08-16 20:20:20,562 - INFO - sleep... 10 sec
2018-08-16 20:20:30,577 - INFO - Awake...uses nnsm
2018-08-16 20:20:30,577 - INFO - Main started, Python running as services on windows 
2018-08-16 20:20:30,577 - INFO - Do so cool work in windows
2018-08-16 20:20:30,577 - INFO - sleep... 10 sec
2018-08-16 20:20:40,578 - INFO - Awake...uses nnsm
2018-08-16 20:20:40,579 - INFO - Main started, Python running as services on windows 
2018-08-16 20:20:40,579 - INFO - Do so cool work in windows
2018-08-16 20:20:40,580 - INFO - sleep... 10 sec
2018-08-16 20:20:50,581 - INFO - Awake...uses nnsm
2018-08-16 20:20:50,581 - INFO - Main started, Python running as services on windows 
2018-08-16 20:20:50,581 - INFO - Do so cool work in windows
2018-08-16 20:20:50,582 - INFO - sleep... 10 sec
2018-08-16 20:21:00,586 - INFO - Awake...uses nnsm
2018-08-16 20:21:00,586 - INFO - Main started, Python running as services on windows 
2018-08-16 20:21:00,586 - INFO - Do so cool work in windows
2018-08-16 20:21:00,586 - INFO - sleep... 10 sec
2018-08-16 20:21:10,597 - INFO - Awake...uses nnsm
2018-08-16 20:21:10,597 - INFO - Main started, Python running as services on windows 
2018-08-16 20:21:10,597 - INFO - Do so cool work in windows
2018-08-16 20:21:10,597 - INFO - sleep... 10 sec
2018-08-16 20:21:20,598 - INFO - Awake...uses nnsm
2018-08-16 20:21:20,600 - INFO - Main started, Python running as services on windows 
2018-08-16 20:21:20,600 - INFO - Do so cool work in windows
2018-08-16 20:21:20,600 - INFO - sleep... 10 sec
2018-08-16 20:21:30,606 - INFO - Awake...uses nnsm
2018-08-16 20:21:30,606 - INFO - Main started, Python running as services on windows 
2018-08-16 20:21:30,606 - INFO - Do so cool work in windows
2018-08-16 20:21:30,606 - INFO - sleep... 10 sec
2018-08-16 20:21:40,608 - INFO - Awake...uses nnsm
2018-08-16 20:21:40,608 - INFO - Main started, Python running as services on windows 
2018-08-16 20:21:40,608 - INFO - Do so cool work in windows
2018-08-16 20:21:40,608 - INFO - sleep... 10 sec
2018-08-16 20:21:50,608 - INFO - Awake...uses nnsm
2018-08-16 20:21:50,609 - INFO - Main started, Python running as services on windows 
2018-08-16 20:21:50,609 - INFO - Do so cool work in windows
2018-08-16 20:21:50,610 - INFO - sleep... 10 sec
2018-08-16 20:22:00,616 - INFO - Awake...uses nnsm
2018-08-16 20:22:00,616 - INFO - Main started, Python running as services on windows 
2018-08-16 20:22:00,616 - INFO - Do so cool work in windows
2018-08-16 20:22:00,616 - INFO - sleep... 10 sec
2018-08-16 20:22:10,620 - INFO - Awake...uses nnsm
2018-08-16 20:22:10,620 - INFO - Main started, Python running as services on windows 
2018-08-16 20:22:10,620 - INFO - Do so cool work in windows
2018-08-16 20:22:10,620 - INFO - sleep... 10 sec
2018-08-16 20:22:20,634 - INFO - Awake...uses nnsm
2018-08-16 20:22:20,634 - INFO - Main started, Python running as services on windows 
2018-08-16 20:22:20,634 - INFO - Do so cool work in windows
2018-08-16 20:22:20,634 - INFO - sleep... 10 sec
2018-08-16 20:22:30,635 - INFO - Awake...uses nnsm
2018-08-16 20:22:30,635 - INFO - Main started, Python running as services on windows 
2018-08-16 20:22:30,635 - INFO - Do so cool work in windows
2018-08-16 20:22:30,635 - INFO - sleep... 10 sec
2018-08-16 20:22:40,639 - INFO - Awake...uses nnsm
2018-08-16 20:22:40,639 - INFO - Main started, Python running as services on windows 
2018-08-16 20:22:40,639 - INFO - Do so cool work in windows
2018-08-16 20:22:40,639 - INFO - sleep... 10 sec
2018-08-16 20:22:50,639 - INFO - Awake...uses nnsm
2018-08-16 20:22:50,640 - INFO - Main started, Python running as services on windows 
2018-08-16 20:22:50,640 - INFO - Do so cool work in windows
2018-08-16 20:22:50,641 - INFO - sleep... 10 sec
2018-08-16 20:23:00,652 - INFO - Awake...uses nnsm
2018-08-16 20:23:00,652 - INFO - Main started, Python running as services on windows 
2018-08-16 20:23:00,652 - INFO - Do so cool work in windows
2018-08-16 20:23:00,652 - INFO - sleep... 10 sec
2018-08-16 20:23:10,654 - INFO - Awake...uses nnsm
2018-08-16 20:23:10,654 - INFO - Main started, Python running as services on windows 
2018-08-16 20:23:10,655 - INFO - Do so cool work in windows
2018-08-16 20:23:10,655 - INFO - sleep... 10 sec
2018-08-16 20:23:20,663 - INFO - Awake...uses nnsm
2018-08-16 20:23:20,663 - INFO - Main started, Python running as services on windows 
2018-08-16 20:23:20,663 - INFO - Do so cool work in windows
2018-08-16 20:23:20,663 - INFO - sleep... 10 sec
2018-08-16 20:23:30,666 - INFO - Awake...uses nnsm
2018-08-16 20:23:30,666 - INFO - Main started, Python running as services on windows 
2018-08-16 20:23:30,666 - INFO - Do so cool work in windows
2018-08-16 20:23:30,666 - INFO - sleep... 10 sec
2018-08-16 20:23:40,669 - INFO - Awake...uses nnsm
2018-08-16 20:23:40,669 - INFO - Main started, Python running as services on windows 
2018-08-16 20:23:40,669 - INFO - Do so cool work in windows
2018-08-16 20:23:40,669 - INFO - sleep... 10 sec
2018-08-16 20:23:50,678 - INFO - Awake...uses nnsm
2018-08-16 20:23:50,678 - INFO - Main started, Python running as services on windows 
2018-08-16 20:23:50,678 - INFO - Do so cool work in windows
2018-08-16 20:23:50,678 - INFO - sleep... 10 sec
2018-08-16 20:24:00,685 - INFO - Awake...uses nnsm
2018-08-16 20:24:00,685 - INFO - Main started, Python running as services on windows 
2018-08-16 20:24:00,685 - INFO - Do so cool work in windows
2018-08-16 20:24:00,685 - INFO - sleep... 10 sec
2018-08-16 20:24:10,686 - INFO - Awake...uses nnsm
2018-08-16 20:24:10,686 - INFO - Main started, Python running as services on windows 
2018-08-16 20:24:10,687 - INFO - Do so cool work in windows
2018-08-16 20:24:10,687 - INFO - sleep... 10 sec
2018-08-16 20:24:20,687 - INFO - Awake...uses nnsm
2018-08-16 20:24:20,689 - INFO - Main started, Python running as services on windows 
2018-08-16 20:24:20,690 - INFO - Do so cool work in windows
2018-08-16 20:24:20,691 - INFO - sleep... 10 sec
2018-08-16 20:24:30,704 - INFO - Awake...uses nnsm
2018-08-16 20:24:30,704 - INFO - Main started, Python running as services on windows 
2018-08-16 20:24:30,704 - INFO - Do so cool work in windows
2018-08-16 20:24:30,704 - INFO - sleep... 10 sec
2018-08-16 20:24:40,715 - INFO - Awake...uses nnsm
2018-08-16 20:24:40,715 - INFO - Main started, Python running as services on windows 
2018-08-16 20:24:40,715 - INFO - Do so cool work in windows
2018-08-16 20:24:40,715 - INFO - sleep... 10 sec
2018-08-16 20:24:50,721 - INFO - Awake...uses nnsm
2018-08-16 20:24:50,721 - INFO - Main started, Python running as services on windows 
2018-08-16 20:24:50,721 - INFO - Do so cool work in windows
2018-08-16 20:24:50,721 - INFO - sleep... 10 sec
2018-08-16 20:25:00,732 - INFO - Awake...uses nnsm
2018-08-16 20:25:00,732 - INFO - Main started, Python running as services on windows 
2018-08-16 20:25:00,732 - INFO - Do so cool work in windows
2018-08-16 20:25:00,732 - INFO - sleep... 10 sec
2018-08-16 20:25:10,745 - INFO - Awake...uses nnsm
2018-08-16 20:25:10,745 - INFO - Main started, Python running as services on windows 
2018-08-16 20:25:10,745 - INFO - Do so cool work in windows
2018-08-16 20:25:10,745 - INFO - sleep... 10 sec
2018-08-16 20:25:20,755 - INFO - Awake...uses nnsm
2018-08-16 20:25:20,755 - INFO - Main started, Python running as services on windows 
2018-08-16 20:25:20,755 - INFO - Do so cool work in windows
2018-08-16 20:25:20,755 - INFO - sleep... 10 sec
2018-08-16 20:25:30,766 - INFO - Awake...uses nnsm
2018-08-16 20:25:30,766 - INFO - Main started, Python running as services on windows 
2018-08-16 20:25:30,766 - INFO - Do so cool work in windows
2018-08-16 20:25:30,766 - INFO - sleep... 10 sec
2018-08-16 20:25:40,773 - INFO - Awake...uses nnsm
2018-08-16 20:25:40,773 - INFO - Main started, Python running as services on windows 
2018-08-16 20:25:40,773 - INFO - Do so cool work in windows
2018-08-16 20:25:40,773 - INFO - sleep... 10 sec
2018-08-16 20:25:50,778 - INFO - Awake...uses nnsm
2018-08-16 20:25:50,778 - INFO - Main started, Python running as services on windows 
2018-08-16 20:25:50,778 - INFO - Do so cool work in windows
2018-08-16 20:25:50,778 - INFO - sleep... 10 sec
2018-08-16 20:26:00,792 - INFO - Awake...uses nnsm
2018-08-16 20:26:00,792 - INFO - Main started, Python running as services on windows 
2018-08-16 20:26:00,792 - INFO - Do so cool work in windows
2018-08-16 20:26:00,792 - INFO - sleep... 10 sec
2018-08-16 20:26:10,805 - INFO - Awake...uses nnsm
2018-08-16 20:26:10,805 - INFO - Main started, Python running as services on windows 
2018-08-16 20:26:10,805 - INFO - Do so cool work in windows
2018-08-16 20:26:10,805 - INFO - sleep... 10 sec
2018-08-16 20:26:20,811 - INFO - Awake...uses nnsm
2018-08-16 20:26:20,811 - INFO - Main started, Python running as services on windows 
2018-08-16 20:26:20,811 - INFO - Do so cool work in windows
2018-08-16 20:26:20,811 - INFO - sleep... 10 sec
2018-08-16 20:26:30,825 - INFO - Awake...uses nnsm
2018-08-16 20:26:30,825 - INFO - Main started, Python running as services on windows 
2018-08-16 20:26:30,825 - INFO - Do so cool work in windows
2018-08-16 20:26:30,825 - INFO - sleep... 10 sec
2018-08-16 20:26:40,838 - INFO - Awake...uses nnsm
2018-08-16 20:26:40,838 - INFO - Main started, Python running as services on windows 
2018-08-16 20:26:40,838 - INFO - Do so cool work in windows
2018-08-16 20:26:40,838 - INFO - sleep... 10 sec
2018-08-16 20:26:50,852 - INFO - Awake...uses nnsm
2018-08-16 20:26:50,852 - INFO - Main started, Python running as services on windows 
2018-08-16 20:26:50,852 - INFO - Do so cool work in windows
2018-08-16 20:26:50,852 - INFO - sleep... 10 sec
2018-08-16 20:27:00,852 - INFO - Awake...uses nnsm
2018-08-16 20:27:00,855 - INFO - Main started, Python running as services on windows 
2018-08-16 20:27:00,856 - INFO - Do so cool work in windows
2018-08-16 20:27:00,857 - INFO - sleep... 10 sec
2018-08-16 20:27:10,860 - INFO - Awake...uses nnsm
2018-08-16 20:27:10,860 - INFO - Main started, Python running as services on windows 
2018-08-16 20:27:10,860 - INFO - Do so cool work in windows
2018-08-16 20:27:10,860 - INFO - sleep... 10 sec
2018-08-16 20:27:20,863 - INFO - Awake...uses nnsm
2018-08-16 20:27:20,863 - INFO - Main started, Python running as services on windows 
2018-08-16 20:27:20,863 - INFO - Do so cool work in windows
2018-08-16 20:27:20,863 - INFO - sleep... 10 sec
2018-08-16 20:27:30,866 - INFO - Awake...uses nnsm
2018-08-16 20:27:30,866 - INFO - Main started, Python running as services on windows 
2018-08-16 20:27:30,866 - INFO - Do so cool work in windows
2018-08-16 20:27:30,866 - INFO - sleep... 10 sec
2018-08-16 20:27:40,878 - INFO - Awake...uses nnsm
2018-08-16 20:27:40,878 - INFO - Main started, Python running as services on windows 
2018-08-16 20:27:40,878 - INFO - Do so cool work in windows
2018-08-16 20:27:40,878 - INFO - sleep... 10 sec
2018-08-16 20:27:50,885 - INFO - Awake...uses nnsm
2018-08-16 20:27:50,885 - INFO - Main started, Python running as services on windows 
2018-08-16 20:27:50,885 - INFO - Do so cool work in windows
2018-08-16 20:27:50,885 - INFO - sleep... 10 sec
2018-08-16 20:28:00,895 - INFO - Awake...uses nnsm
2018-08-16 20:28:00,895 - INFO - Main started, Python running as services on windows 
2018-08-16 20:28:00,895 - INFO - Do so cool work in windows
2018-08-16 20:28:00,895 - INFO - sleep... 10 sec
2018-08-16 20:28:10,899 - INFO - Awake...uses nnsm
2018-08-16 20:28:10,899 - INFO - Main started, Python running as services on windows 
2018-08-16 20:28:10,899 - INFO - Do so cool work in windows
2018-08-16 20:28:10,899 - INFO - sleep... 10 sec
2018-08-16 20:28:20,902 - INFO - Awake...uses nnsm
2018-08-16 20:28:20,902 - INFO - Main started, Python running as services on windows 
2018-08-16 20:28:20,902 - INFO - Do so cool work in windows
2018-08-16 20:28:20,902 - INFO - sleep... 10 sec
2018-08-16 20:28:30,903 - INFO - Awake...uses nnsm
2018-08-16 20:28:30,903 - INFO - Main started, Python running as services on windows 
2018-08-16 20:28:30,903 - INFO - Do so cool work in windows
2018-08-16 20:28:30,903 - INFO - sleep... 10 sec
2018-08-16 20:28:40,914 - INFO - Awake...uses nnsm
2018-08-16 20:28:40,914 - INFO - Main started, Python running as services on windows 
2018-08-16 20:28:40,914 - INFO - Do so cool work in windows
2018-08-16 20:28:40,914 - INFO - sleep... 10 sec
2018-08-16 20:28:50,927 - INFO - Awake...uses nnsm
2018-08-16 20:28:50,927 - INFO - Main started, Python running as services on windows 
2018-08-16 20:28:50,927 - INFO - Do so cool work in windows
2018-08-16 20:28:50,927 - INFO - sleep... 10 sec
2018-08-16 20:29:00,941 - INFO - Awake...uses nnsm
2018-08-16 20:29:00,941 - INFO - Main started, Python running as services on windows 
2018-08-16 20:29:00,941 - INFO - Do so cool work in windows
2018-08-16 20:29:00,941 - INFO - sleep... 10 sec
2018-08-16 20:29:10,951 - INFO - Awake...uses nnsm
2018-08-16 20:29:10,951 - INFO - Main started, Python running as services on windows 
2018-08-16 20:29:10,951 - INFO - Do so cool work in windows
2018-08-16 20:29:10,951 - INFO - sleep... 10 sec
2018-08-16 20:29:20,952 - INFO - Awake...uses nnsm
2018-08-16 20:29:20,952 - INFO - Main started, Python running as services on windows 
2018-08-16 20:29:20,952 - INFO - Do so cool work in windows
2018-08-16 20:29:20,952 - INFO - sleep... 10 sec
2018-08-16 20:29:30,965 - INFO - Awake...uses nnsm
2018-08-16 20:29:30,965 - INFO - Main started, Python running as services on windows 
2018-08-16 20:29:30,965 - INFO - Do so cool work in windows
2018-08-16 20:29:30,965 - INFO - sleep... 10 sec
2018-08-16 20:29:40,978 - INFO - Awake...uses nnsm
2018-08-16 20:29:40,978 - INFO - Main started, Python running as services on windows 
2018-08-16 20:29:40,978 - INFO - Do so cool work in windows
2018-08-16 20:29:40,978 - INFO - sleep... 10 sec
2018-08-16 20:29:50,979 - INFO - Awake...uses nnsm
2018-08-16 20:29:50,979 - INFO - Main started, Python running as services on windows 
2018-08-16 20:29:50,980 - INFO - Do so cool work in windows
2018-08-16 20:29:50,980 - INFO - sleep... 10 sec
2018-08-16 20:30:00,980 - INFO - Awake...uses nnsm
2018-08-16 20:30:00,982 - INFO - Main started, Python running as services on windows 
2018-08-16 20:30:00,983 - INFO - Do so cool work in windows
2018-08-16 20:30:00,984 - INFO - sleep... 10 sec
2018-08-16 20:30:10,989 - INFO - Awake...uses nnsm
2018-08-16 20:30:10,989 - INFO - Main started, Python running as services on windows 
2018-08-16 20:30:10,989 - INFO - Do so cool work in windows
2018-08-16 20:30:10,989 - INFO - sleep... 10 sec
2018-08-16 20:30:20,996 - INFO - Awake...uses nnsm
2018-08-16 20:30:20,996 - INFO - Main started, Python running as services on windows 
2018-08-16 20:30:20,996 - INFO - Do so cool work in windows
2018-08-16 20:30:20,996 - INFO - sleep... 10 sec
2018-08-16 20:30:30,997 - INFO - Awake...uses nnsm
2018-08-16 20:30:30,997 - INFO - Main started, Python running as services on windows 
2018-08-16 20:30:30,997 - INFO - Do so cool work in windows
2018-08-16 20:30:30,997 - INFO - sleep... 10 sec
2018-08-16 20:30:41,011 - INFO - Awake...uses nnsm
2018-08-16 20:30:41,011 - INFO - Main started, Python running as services on windows 
2018-08-16 20:30:41,011 - INFO - Do so cool work in windows
2018-08-16 20:30:41,011 - INFO - sleep... 10 sec
2018-08-16 20:30:51,012 - INFO - Awake...uses nnsm
2018-08-16 20:30:51,013 - INFO - Main started, Python running as services on windows 
2018-08-16 20:30:51,013 - INFO - Do so cool work in windows
2018-08-16 20:30:51,013 - INFO - sleep... 10 sec
2018-08-16 20:31:01,014 - INFO - Awake...uses nnsm
2018-08-16 20:31:01,015 - INFO - Main started, Python running as services on windows 
2018-08-16 20:31:01,016 - INFO - Do so cool work in windows
2018-08-16 20:31:01,016 - INFO - sleep... 10 sec
2018-08-16 20:31:11,016 - INFO - Awake...uses nnsm
2018-08-16 20:31:11,016 - INFO - Main started, Python running as services on windows 
2018-08-16 20:31:11,016 - INFO - Do so cool work in windows
2018-08-16 20:31:11,016 - INFO - sleep... 10 sec
2018-08-16 20:31:21,024 - INFO - Awake...uses nnsm
2018-08-16 20:31:21,024 - INFO - Main started, Python running as services on windows 
2018-08-16 20:31:21,024 - INFO - Do so cool work in windows
2018-08-16 20:31:21,024 - INFO - sleep... 10 sec
2018-08-16 20:31:31,035 - INFO - Awake...uses nnsm
2018-08-16 20:31:31,035 - INFO - Main started, Python running as services on windows 
2018-08-16 20:31:31,035 - INFO - Do so cool work in windows
2018-08-16 20:31:31,035 - INFO - sleep... 10 sec
2018-08-16 20:31:41,039 - INFO - Awake...uses nnsm
2018-08-16 20:31:41,039 - INFO - Main started, Python running as services on windows 
2018-08-16 20:31:41,039 - INFO - Do so cool work in windows
2018-08-16 20:31:41,039 - INFO - sleep... 10 sec
2018-08-16 20:31:51,039 - INFO - Awake...uses nnsm
2018-08-16 20:31:51,039 - INFO - Main started, Python running as services on windows 
2018-08-16 20:31:51,039 - INFO - Do so cool work in windows
2018-08-16 20:31:51,039 - INFO - sleep... 10 sec
2018-08-16 20:32:01,048 - INFO - Awake...uses nnsm
2018-08-16 20:32:01,048 - INFO - Main started, Python running as services on windows 
2018-08-16 20:32:01,048 - INFO - Do so cool work in windows
2018-08-16 20:32:01,048 - INFO - sleep... 10 sec
2018-08-16 20:32:11,060 - INFO - Awake...uses nnsm
2018-08-16 20:32:11,060 - INFO - Main started, Python running as services on windows 
2018-08-16 20:32:11,060 - INFO - Do so cool work in windows
2018-08-16 20:32:11,060 - INFO - sleep... 10 sec
2018-08-16 20:32:21,074 - INFO - Awake...uses nnsm
2018-08-16 20:32:21,074 - INFO - Main started, Python running as services on windows 
2018-08-16 20:32:21,074 - INFO - Do so cool work in windows
2018-08-16 20:32:21,074 - INFO - sleep... 10 sec
2018-08-16 20:32:31,081 - INFO - Awake...uses nnsm
2018-08-16 20:32:31,081 - INFO - Main started, Python running as services on windows 
2018-08-16 20:32:31,081 - INFO - Do so cool work in windows
2018-08-16 20:32:31,081 - INFO - sleep... 10 sec
2018-08-16 20:32:41,081 - INFO - Awake...uses nnsm
2018-08-16 20:32:41,084 - INFO - Main started, Python running as services on windows 
2018-08-16 20:32:41,085 - INFO - Do so cool work in windows
2018-08-16 20:32:41,086 - INFO - sleep... 10 sec
2018-08-16 20:32:51,092 - INFO - Awake...uses nnsm
2018-08-16 20:32:51,092 - INFO - Main started, Python running as services on windows 
2018-08-16 20:32:51,092 - INFO - Do so cool work in windows
2018-08-16 20:32:51,092 - INFO - sleep... 10 sec
2018-08-16 20:33:01,093 - INFO - Awake...uses nnsm
2018-08-16 20:33:01,093 - INFO - Main started, Python running as services on windows 
2018-08-16 20:33:01,094 - INFO - Do so cool work in windows
2018-08-16 20:33:01,094 - INFO - sleep... 10 sec
2018-08-16 20:33:11,098 - INFO - Awake...uses nnsm
2018-08-16 20:33:11,101 - INFO - Main started, Python running as services on windows 
2018-08-16 20:33:11,102 - INFO - Do so cool work in windows
2018-08-16 20:33:11,103 - INFO - sleep... 10 sec
2018-08-16 20:33:21,113 - INFO - Awake...uses nnsm
2018-08-16 20:33:21,113 - INFO - Main started, Python running as services on windows 
2018-08-16 20:33:21,113 - INFO - Do so cool work in windows
2018-08-16 20:33:21,113 - INFO - sleep... 10 sec
